# JRE version: Java(TM) SE Runtime Environment (8.0_74-b02) (build 1.8.0_74-b02)
# Java VM: Java HotSpot(TM) 64-Bit Server VM (25.74-b02 mixed mode windows-amd64 compressed oops)
Heap:
 PSYoungGen      total 662528K, used 534081K [0x00000000d5c00000, 0x0000000100000000, 0x0000000100000000)
  eden space 637952K, 82% used [0x00000000d5c00000,0x00000000f5b78610,0x00000000fcb00000)
  from space 24576K, 42% used [0x00000000fe800000,0x00000000ff218110,0x0000000100000000)
  to   space 27136K, 0% used [0x00000000fcb00000,0x00000000fcb00000,0x00000000fe580000)
 ParOldGen       total 127488K, used 73278K [0x0000000081400000, 0x0000000089080000, 0x00000000d5c00000)
  object space 127488K, 57% used [0x0000000081400000,0x0000000085b8f848,0x0000000089080000)
 Metaspace       used 77669K, capacity 79332K, committed 79512K, reserved 1120256K
  class space    used 9012K, capacity 9343K, committed 9384K, reserved 1048576K
GC Heap History (10 events):
Event: 650.932 GC heap before
{Heap before GC invocations=23 (full 4):
 PSYoungGen      total 660992K, used 660977K [0x00000000d5c00000, 0x0000000100000000, 0x0000000100000000)
  eden space 641024K, 100% used [0x00000000d5c00000,0x00000000fce00000,0x00000000fce00000)
  from space 19968K, 99% used [0x00000000fec80000,0x00000000ffffc460,0x0000000100000000)
  to   space 25600K, 0% used [0x00000000fce00000,0x00000000fce00000,0x00000000fe700000)
 ParOldGen       total 127488K, used 51250K [0x0000000081400000, 0x0000000089080000, 0x00000000d5c00000)
  object space 127488K, 40% used [0x0000000081400000,0x000000008460c9e0,0x0000000089080000)
 Metaspace       used 74081K, capacity 75634K, committed 75928K, reserved 1116160K
  class space    used 8805K, capacity 9079K, committed 9128K, reserved 1048576K
Event: 650.983 GC heap after
Heap after GC invocations=23 (full 4):
 PSYoungGen      total 666624K, used 10736K [0x00000000d5c00000, 0x0000000100000000, 0x0000000100000000)
  eden space 641024K, 0% used [0x00000000d5c00000,0x00000000d5c00000,0x00000000fce00000)
  from space 25600K, 41% used [0x00000000fce00000,0x00000000fd87c120,0x00000000fe700000)
  to   space 24064K, 0% used [0x00000000fe880000,0x00000000fe880000,0x0000000100000000)
 ParOldGen       total 127488K, used 64119K [0x0000000081400000, 0x0000000089080000, 0x00000000d5c00000)
  object space 127488K, 50% used [0x0000000081400000,0x000000008529dc10,0x0000000089080000)
 Metaspace       used 74081K, capacity 75634K, committed 75928K, reserved 1116160K
  class space    used 8805K, capacity 9079K, committed 9128K, reserved 1048576K
}
Event: 676.691 GC heap before
{Heap before GC invocations=24 (full 4):
 PSYoungGen      total 666624K, used 105360K [0x00000000d5c00000, 0x0000000100000000, 0x0000000100000000)
  eden space 641024K, 14% used [0x00000000d5c00000,0x00000000db868210,0x00000000fce00000)
  from space 25600K, 41% used [0x00000000fce00000,0x00000000fd87c120,0x00000000fe700000)
  to   space 24064K, 0% used [0x00000000fe880000,0x00000000fe880000,0x0000000100000000)
 ParOldGen       total 127488K, used 64119K [0x0000000081400000, 0x0000000089080000, 0x00000000d5c00000)
  object space 127488K, 50% used [0x0000000081400000,0x000000008529dc10,0x0000000089080000)
 Metaspace       used 74091K, capacity 75640K, committed 75928K, reserved 1116160K
  class space    used 8806K, capacity 9081K, committed 9128K, reserved 1048576K
Event: 676.707 GC heap after
Heap after GC invocations=24 (full 4):
 PSYoungGen      total 667136K, used 128K [0x00000000d5c00000, 0x0000000100000000, 0x0000000100000000)
  eden space 643072K, 0% used [0x00000000d5c00000,0x00000000d5c00000,0x00000000fd000000)
  from space 24064K, 0% used [0x00000000fe880000,0x00000000fe8a0000,0x0000000100000000)
  to   space 24576K, 0% used [0x00000000fd000000,0x00000000fd000000,0x00000000fe800000)
 ParOldGen       total 127488K, used 71991K [0x0000000081400000, 0x0000000089080000, 0x00000000d5c00000)
  object space 127488K, 56% used [0x0000000081400000,0x0000000085a4dd28,0x0000000089080000)
 Metaspace       used 74091K, capacity 75640K, committed 75928K, reserved 1116160K
  class space    used 8806K, capacity 9081K, committed 9128K, reserved 1048576K
}
Event: 676.707 GC heap before
{Heap before GC invocations=25 (full 5):
 PSYoungGen      total 667136K, used 128K [0x00000000d5c00000, 0x0000000100000000, 0x0000000100000000)
  eden space 643072K, 0% used [0x00000000d5c00000,0x00000000d5c00000,0x00000000fd000000)
  from space 24064K, 0% used [0x00000000fe880000,0x00000000fe8a0000,0x0000000100000000)
  to   space 24576K, 0% used [0x00000000fd000000,0x00000000fd000000,0x00000000fe800000)
 ParOldGen       total 127488K, used 71991K [0x0000000081400000, 0x0000000089080000, 0x00000000d5c00000)
  object space 127488K, 56% used [0x0000000081400000,0x0000000085a4dd28,0x0000000089080000)
 Metaspace       used 74091K, capacity 75640K, committed 75928K, reserved 1116160K
  class space    used 8806K, capacity 9081K, committed 9128K, reserved 1048576K
Event: 677.313 GC heap after
Heap after GC invocations=25 (full 5):
 PSYoungGen      total 667136K, used 0K [0x00000000d5c00000, 0x0000000100000000, 0x0000000100000000)
  eden space 643072K, 0% used [0x00000000d5c00000,0x00000000d5c00000,0x00000000fd000000)
  from space 24064K, 0% used [0x00000000fe880000,0x00000000fe880000,0x0000000100000000)
  to   space 24576K, 0% used [0x00000000fd000000,0x00000000fd000000,0x00000000fe800000)
 ParOldGen       total 127488K, used 59679K [0x0000000081400000, 0x0000000089080000, 0x00000000d5c00000)
  object space 127488K, 46% used [0x0000000081400000,0x0000000084e47f20,0x0000000089080000)
 Metaspace       used 74031K, capacity 75544K, committed 75928K, reserved 1116160K
  class space    used 8797K, capacity 9065K, committed 9128K, reserved 1048576K
}
Event: 685.761 GC heap before
{Heap before GC invocations=26 (full 5):
 PSYoungGen      total 667136K, used 643072K [0x00000000d5c00000, 0x0000000100000000, 0x0000000100000000)
  eden space 643072K, 100% used [0x00000000d5c00000,0x00000000fd000000,0x00000000fd000000)
  from space 24064K, 0% used [0x00000000fe880000,0x00000000fe880000,0x0000000100000000)
  to   space 24576K, 0% used [0x00000000fd000000,0x00000000fd000000,0x00000000fe800000)
 ParOldGen       total 127488K, used 59679K [0x0000000081400000, 0x0000000089080000, 0x00000000d5c00000)
  object space 127488K, 46% used [0x0000000081400000,0x0000000084e47f20,0x0000000089080000)
 Metaspace       used 75783K, capacity 77356K, committed 77592K, reserved 1118208K
  class space    used 8917K, capacity 9211K, committed 9256K, reserved 1048576K
Event: 685.877 GC heap after
Heap after GC invocations=26 (full 5):
 PSYoungGen      total 667648K, used 24555K [0x00000000d5c00000, 0x0000000100000000, 0x0000000100000000)
  eden space 643072K, 0% used [0x00000000d5c00000,0x00000000d5c00000,0x00000000fd000000)
  from space 24576K, 99% used [0x00000000fd000000,0x00000000fe7face0,0x00000000fe800000)
  to   space 24576K, 0% used [0x00000000fe800000,0x00000000fe800000,0x0000000100000000)
 ParOldGen       total 127488K, used 60598K [0x0000000081400000, 0x0000000089080000, 0x00000000d5c00000)
  object space 127488K, 47% used [0x0000000081400000,0x0000000084f2db88,0x0000000089080000)
 Metaspace       used 75783K, capacity 77356K, committed 77592K, reserved 1118208K
  class space    used 8917K, capacity 9211K, committed 9256K, reserved 1048576K
}
Event: 782.960 GC heap before
{Heap before GC invocations=27 (full 5):
 PSYoungGen      total 667648K, used 667627K [0x00000000d5c00000, 0x0000000100000000, 0x0000000100000000)
  eden space 643072K, 100% used [0x00000000d5c00000,0x00000000fd000000,0x00000000fd000000)
  from space 24576K, 99% used [0x00000000fd000000,0x00000000fe7face0,0x00000000fe800000)
  to   space 24576K, 0% used [0x00000000fe800000,0x00000000fe800000,0x0000000100000000)
 ParOldGen       total 127488K, used 60598K [0x0000000081400000, 0x0000000089080000, 0x00000000d5c00000)
  object space 127488K, 47% used [0x0000000081400000,0x0000000084f2db88,0x0000000089080000)
 Metaspace       used 77617K, capacity 79290K, committed 79512K, reserved 1120256K
  class space    used 9008K, capacity 9336K, committed 9384K, reserved 1048576K
Event: 782.988 GC heap after
Heap after GC invocations=27 (full 5):
 PSYoungGen      total 662528K, used 10336K [0x00000000d5c00000, 0x0000000100000000, 0x0000000100000000)
  eden space 637952K, 0% used [0x00000000d5c00000,0x00000000d5c00000,0x00000000fcb00000)
  from space 24576K, 42% used [0x00000000fe800000,0x00000000ff218110,0x0000000100000000)
  to   space 27136K, 0% used [0x00000000fcb00000,0x00000000fcb00000,0x00000000fe580000)
 ParOldGen       total 127488K, used 73278K [0x0000000081400000, 0x0000000089080000, 0x00000000d5c00000)
  object space 127488K, 57% used [0x0000000081400000,0x0000000085b8f848,0x0000000089080000)
 Metaspace       used 77617K, capacity 79290K, committed 79512K, reserved 1120256K
  class space    used 9008K, capacity 9336K, committed 9384K, reserved 1048576K
}

