# JRE version: Java(TM) SE Runtime Environment (8.0_74-b02) (build 1.8.0_74-b02)
# Java VM: Java HotSpot(TM) 64-Bit Server VM (25.74-b02 mixed mode windows-amd64 compressed oops)
Heap:
 PSYoungGen      total 631296K, used 303212K [0x00000000d5c00000, 0x0000000100000000, 0x0000000100000000)
  eden space 626688K, 48% used [0x00000000d5c00000,0x00000000e841b2c8,0x00000000fc000000)
  from space 4608K, 0% used [0x00000000fc000000,0x00000000fc000000,0x00000000fc480000)
  to   space 33280K, 0% used [0x00000000fdf80000,0x00000000fdf80000,0x0000000100000000)
 ParOldGen       total 155136K, used 63781K [0x0000000081400000, 0x000000008ab80000, 0x00000000d5c00000)
  object space 155136K, 41% used [0x0000000081400000,0x00000000852497a0,0x000000008ab80000)
 Metaspace       used 77237K, capacity 78988K, committed 79128K, reserved 1118208K
  class space    used 9067K, capacity 9455K, committed 9512K, reserved 1048576K
GC Heap History (10 events):
Event: 677.492 GC heap before
{Heap before GC invocations=21 (full 4):
 PSYoungGen      total 659456K, used 489067K [0x00000000d5c00000, 0x0000000100000000, 0x0000000100000000)
  eden space 630784K, 73% used [0x00000000d5c00000,0x00000000f22c79e0,0x00000000fc400000)
  from space 28672K, 81% used [0x00000000fe400000,0x00000000ffad3300,0x0000000100000000)
  to   space 30720K, 0% used [0x00000000fc400000,0x00000000fc400000,0x00000000fe200000)
 ParOldGen       total 155136K, used 44955K [0x0000000081400000, 0x000000008ab80000, 0x00000000d5c00000)
  object space 155136K, 28% used [0x0000000081400000,0x0000000083fe6ea8,0x000000008ab80000)
 Metaspace       used 73753K, capacity 75502K, committed 75800K, reserved 1116160K
  class space    used 8844K, capacity 9186K, committed 9256K, reserved 1048576K
Event: 677.521 GC heap after
Heap after GC invocations=21 (full 4):
 PSYoungGen      total 661504K, used 18304K [0x00000000d5c00000, 0x0000000100000000, 0x0000000100000000)
  eden space 630784K, 0% used [0x00000000d5c00000,0x00000000d5c00000,0x00000000fc400000)
  from space 30720K, 59% used [0x00000000fc400000,0x00000000fd5e00c0,0x00000000fe200000)
  to   space 30208K, 0% used [0x00000000fe280000,0x00000000fe280000,0x0000000100000000)
 ParOldGen       total 155136K, used 44963K [0x0000000081400000, 0x000000008ab80000, 0x00000000d5c00000)
  object space 155136K, 28% used [0x0000000081400000,0x0000000083fe8ea8,0x000000008ab80000)
 Metaspace       used 73753K, capacity 75502K, committed 75800K, reserved 1116160K
  class space    used 8844K, capacity 9186K, committed 9256K, reserved 1048576K
}
Event: 677.521 GC heap before
{Heap before GC invocations=22 (full 5):
 PSYoungGen      total 661504K, used 18304K [0x00000000d5c00000, 0x0000000100000000, 0x0000000100000000)
  eden space 630784K, 0% used [0x00000000d5c00000,0x00000000d5c00000,0x00000000fc400000)
  from space 30720K, 59% used [0x00000000fc400000,0x00000000fd5e00c0,0x00000000fe200000)
  to   space 30208K, 0% used [0x00000000fe280000,0x00000000fe280000,0x0000000100000000)
 ParOldGen       total 155136K, used 44963K [0x0000000081400000, 0x000000008ab80000, 0x00000000d5c00000)
  object space 155136K, 28% used [0x0000000081400000,0x0000000083fe8ea8,0x000000008ab80000)
 Metaspace       used 73753K, capacity 75502K, committed 75800K, reserved 1116160K
  class space    used 8844K, capacity 9186K, committed 9256K, reserved 1048576K
Event: 678.087 GC heap after
Heap after GC invocations=22 (full 5):
 PSYoungGen      total 661504K, used 0K [0x00000000d5c00000, 0x0000000100000000, 0x0000000100000000)
  eden space 630784K, 0% used [0x00000000d5c00000,0x00000000d5c00000,0x00000000fc400000)
  from space 30720K, 0% used [0x00000000fc400000,0x00000000fc400000,0x00000000fe200000)
  to   space 30208K, 0% used [0x00000000fe280000,0x00000000fe280000,0x0000000100000000)
 ParOldGen       total 155136K, used 61371K [0x0000000081400000, 0x000000008ab80000, 0x00000000d5c00000)
  object space 155136K, 39% used [0x0000000081400000,0x0000000084feed28,0x000000008ab80000)
 Metaspace       used 73693K, capacity 75406K, committed 75800K, reserved 1116160K
  class space    used 8835K, capacity 9170K, committed 9256K, reserved 1048576K
}
Event: 685.076 GC heap before
{Heap before GC invocations=23 (full 5):
 PSYoungGen      total 661504K, used 630784K [0x00000000d5c00000, 0x0000000100000000, 0x0000000100000000)
  eden space 630784K, 100% used [0x00000000d5c00000,0x00000000fc400000,0x00000000fc400000)
  from space 30720K, 0% used [0x00000000fc400000,0x00000000fc400000,0x00000000fe200000)
  to   space 30208K, 0% used [0x00000000fe280000,0x00000000fe280000,0x0000000100000000)
 ParOldGen       total 155136K, used 61371K [0x0000000081400000, 0x000000008ab80000, 0x00000000d5c00000)
  object space 155136K, 39% used [0x0000000081400000,0x0000000084feed28,0x000000008ab80000)
 Metaspace       used 75512K, capacity 77282K, committed 77464K, reserved 1118208K
  class space    used 8954K, capacity 9316K, committed 9384K, reserved 1048576K
Event: 685.113 GC heap after
Heap after GC invocations=23 (full 5):
 PSYoungGen      total 656896K, used 25291K [0x00000000d5c00000, 0x0000000100000000, 0x0000000100000000)
  eden space 626688K, 0% used [0x00000000d5c00000,0x00000000d5c00000,0x00000000fc000000)
  from space 30208K, 83% used [0x00000000fe280000,0x00000000ffb32cc0,0x0000000100000000)
  to   space 32768K, 0% used [0x00000000fc000000,0x00000000fc000000,0x00000000fe000000)
 ParOldGen       total 155136K, used 61379K [0x0000000081400000, 0x000000008ab80000, 0x00000000d5c00000)
  object space 155136K, 39% used [0x0000000081400000,0x0000000084ff0d28,0x000000008ab80000)
 Metaspace       used 75512K, capacity 77282K, committed 77464K, reserved 1118208K
  class space    used 8954K, capacity 9316K, committed 9384K, reserved 1048576K
}
Event: 727.490 GC heap before
{Heap before GC invocations=24 (full 5):
 PSYoungGen      total 656896K, used 424152K [0x00000000d5c00000, 0x0000000100000000, 0x0000000100000000)
  eden space 626688K, 63% used [0x00000000d5c00000,0x00000000ee183448,0x00000000fc000000)
  from space 30208K, 83% used [0x00000000fe280000,0x00000000ffb32cc0,0x0000000100000000)
  to   space 32768K, 0% used [0x00000000fc000000,0x00000000fc000000,0x00000000fe000000)
 ParOldGen       total 155136K, used 61379K [0x0000000081400000, 0x000000008ab80000, 0x00000000d5c00000)
  object space 155136K, 39% used [0x0000000081400000,0x0000000084ff0d28,0x000000008ab80000)
 Metaspace       used 76805K, capacity 78542K, committed 78872K, reserved 1118208K
  class space    used 9026K, capacity 9399K, committed 9512K, reserved 1048576K
Event: 727.506 GC heap after
Heap after GC invocations=24 (full 5):
 PSYoungGen      total 631296K, used 4224K [0x00000000d5c00000, 0x0000000100000000, 0x0000000100000000)
  eden space 626688K, 0% used [0x00000000d5c00000,0x00000000d5c00000,0x00000000fc000000)
  from space 4608K, 91% used [0x00000000fc000000,0x00000000fc4200a0,0x00000000fc480000)
  to   space 33280K, 0% used [0x00000000fdf80000,0x00000000fdf80000,0x0000000100000000)
 ParOldGen       total 155136K, used 61387K [0x0000000081400000, 0x000000008ab80000, 0x00000000d5c00000)
  object space 155136K, 39% used [0x0000000081400000,0x0000000084ff2d28,0x000000008ab80000)
 Metaspace       used 76805K, capacity 78542K, committed 78872K, reserved 1118208K
  class space    used 9026K, capacity 9399K, committed 9512K, reserved 1048576K
}
Event: 727.506 GC heap before
{Heap before GC invocations=25 (full 6):
 PSYoungGen      total 631296K, used 4224K [0x00000000d5c00000, 0x0000000100000000, 0x0000000100000000)
  eden space 626688K, 0% used [0x00000000d5c00000,0x00000000d5c00000,0x00000000fc000000)
  from space 4608K, 91% used [0x00000000fc000000,0x00000000fc4200a0,0x00000000fc480000)
  to   space 33280K, 0% used [0x00000000fdf80000,0x00000000fdf80000,0x0000000100000000)
 ParOldGen       total 155136K, used 61387K [0x0000000081400000, 0x000000008ab80000, 0x00000000d5c00000)
  object space 155136K, 39% used [0x0000000081400000,0x0000000084ff2d28,0x000000008ab80000)
 Metaspace       used 76805K, capacity 78542K, committed 78872K, reserved 1118208K
  class space    used 9026K, capacity 9399K, committed 9512K, reserved 1048576K
Event: 728.368 GC heap after
Heap after GC invocations=25 (full 6):
 PSYoungGen      total 631296K, used 0K [0x00000000d5c00000, 0x0000000100000000, 0x0000000100000000)
  eden space 626688K, 0% used [0x00000000d5c00000,0x00000000d5c00000,0x00000000fc000000)
  from space 4608K, 0% used [0x00000000fc000000,0x00000000fc000000,0x00000000fc480000)
  to   space 33280K, 0% used [0x00000000fdf80000,0x00000000fdf80000,0x0000000100000000)
 ParOldGen       total 155136K, used 63781K [0x0000000081400000, 0x000000008ab80000, 0x00000000d5c00000)
  object space 155136K, 41% used [0x0000000081400000,0x00000000852497a0,0x000000008ab80000)
 Metaspace       used 76742K, capacity 78440K, committed 78872K, reserved 1118208K
  class space    used 9017K, capacity 9381K, committed 9512K, reserved 1048576K
}

