# JRE version: Java(TM) SE Runtime Environment (8.0_74-b02) (build 1.8.0_74-b02)
# Java VM: Java HotSpot(TM) 64-Bit Server VM (25.74-b02 mixed mode windows-amd64 compressed oops)
Heap:
 PSYoungGen      total 26624K, used 24554K [0x00000000d5c00000, 0x00000000d7880000, 0x0000000100000000)
  eden space 24064K, 95% used [0x00000000d5c00000,0x00000000d727aa40,0x00000000d7380000)
  from space 2560K, 60% used [0x00000000d7600000,0x00000000d7780000,0x00000000d7880000)
  to   space 2560K, 0% used [0x00000000d7380000,0x00000000d7380000,0x00000000d7600000)
 ParOldGen       total 133632K, used 87323K [0x0000000081400000, 0x0000000089680000, 0x00000000d5c00000)
  object space 133632K, 65% used [0x0000000081400000,0x0000000086946c58,0x0000000089680000)
 Metaspace       used 80368K, capacity 82332K, committed 82584K, reserved 1122304K
  class space    used 9268K, capacity 9624K, committed 9640K, reserved 1048576K
GC Heap History (10 events):
Event: 25933.615 GC heap before
{Heap before GC invocations=3885 (full 5):
 PSYoungGen      total 26624K, used 25568K [0x00000000d5c00000, 0x00000000d7880000, 0x0000000100000000)
  eden space 24064K, 100% used [0x00000000d5c00000,0x00000000d7380000,0x00000000d7380000)
  from space 2560K, 58% used [0x00000000d7380000,0x00000000d74f8000,0x00000000d7600000)
  to   space 2560K, 0% used [0x00000000d7600000,0x00000000d7600000,0x00000000d7880000)
 ParOldGen       total 133632K, used 87323K [0x0000000081400000, 0x0000000089680000, 0x00000000d5c00000)
  object space 133632K, 65% used [0x0000000081400000,0x0000000086946c58,0x0000000089680000)
 Metaspace       used 80368K, capacity 82332K, committed 82584K, reserved 1122304K
  class space    used 9268K, capacity 9624K, committed 9640K, reserved 1048576K
Event: 25933.618 GC heap after
Heap after GC invocations=3885 (full 5):
 PSYoungGen      total 26624K, used 1472K [0x00000000d5c00000, 0x00000000d7880000, 0x0000000100000000)
  eden space 24064K, 0% used [0x00000000d5c00000,0x00000000d5c00000,0x00000000d7380000)
  from space 2560K, 57% used [0x00000000d7600000,0x00000000d7770000,0x00000000d7880000)
  to   space 2560K, 0% used [0x00000000d7380000,0x00000000d7380000,0x00000000d7600000)
 ParOldGen       total 133632K, used 87323K [0x0000000081400000, 0x0000000089680000, 0x00000000d5c00000)
  object space 133632K, 65% used [0x0000000081400000,0x0000000086946c58,0x0000000089680000)
 Metaspace       used 80368K, capacity 82332K, committed 82584K, reserved 1122304K
  class space    used 9268K, capacity 9624K, committed 9640K, reserved 1048576K
}
Event: 25939.421 GC heap before
{Heap before GC invocations=3886 (full 5):
 PSYoungGen      total 26624K, used 25536K [0x00000000d5c00000, 0x00000000d7880000, 0x0000000100000000)
  eden space 24064K, 100% used [0x00000000d5c00000,0x00000000d7380000,0x00000000d7380000)
  from space 2560K, 57% used [0x00000000d7600000,0x00000000d7770000,0x00000000d7880000)
  to   space 2560K, 0% used [0x00000000d7380000,0x00000000d7380000,0x00000000d7600000)
 ParOldGen       total 133632K, used 87323K [0x0000000081400000, 0x0000000089680000, 0x00000000d5c00000)
  object space 133632K, 65% used [0x0000000081400000,0x0000000086946c58,0x0000000089680000)
 Metaspace       used 80368K, capacity 82332K, committed 82584K, reserved 1122304K
  class space    used 9268K, capacity 9624K, committed 9640K, reserved 1048576K
Event: 25939.424 GC heap after
Heap after GC invocations=3886 (full 5):
 PSYoungGen      total 26624K, used 416K [0x00000000d5c00000, 0x00000000d7880000, 0x0000000100000000)
  eden space 24064K, 0% used [0x00000000d5c00000,0x00000000d5c00000,0x00000000d7380000)
  from space 2560K, 16% used [0x00000000d7380000,0x00000000d73e8000,0x00000000d7600000)
  to   space 2560K, 0% used [0x00000000d7600000,0x00000000d7600000,0x00000000d7880000)
 ParOldGen       total 133632K, used 87323K [0x0000000081400000, 0x0000000089680000, 0x00000000d5c00000)
  object space 133632K, 65% used [0x0000000081400000,0x0000000086946c58,0x0000000089680000)
 Metaspace       used 80368K, capacity 82332K, committed 82584K, reserved 1122304K
  class space    used 9268K, capacity 9624K, committed 9640K, reserved 1048576K
}
Event: 25944.820 GC heap before
{Heap before GC invocations=3887 (full 5):
 PSYoungGen      total 26624K, used 24480K [0x00000000d5c00000, 0x00000000d7880000, 0x0000000100000000)
  eden space 24064K, 100% used [0x00000000d5c00000,0x00000000d7380000,0x00000000d7380000)
  from space 2560K, 16% used [0x00000000d7380000,0x00000000d73e8000,0x00000000d7600000)
  to   space 2560K, 0% used [0x00000000d7600000,0x00000000d7600000,0x00000000d7880000)
 ParOldGen       total 133632K, used 87323K [0x0000000081400000, 0x0000000089680000, 0x00000000d5c00000)
  object space 133632K, 65% used [0x0000000081400000,0x0000000086946c58,0x0000000089680000)
 Metaspace       used 80368K, capacity 82332K, committed 82584K, reserved 1122304K
  class space    used 9268K, capacity 9624K, committed 9640K, reserved 1048576K
Event: 25944.825 GC heap after
Heap after GC invocations=3887 (full 5):
 PSYoungGen      total 26624K, used 1536K [0x00000000d5c00000, 0x00000000d7880000, 0x0000000100000000)
  eden space 24064K, 0% used [0x00000000d5c00000,0x00000000d5c00000,0x00000000d7380000)
  from space 2560K, 60% used [0x00000000d7600000,0x00000000d7780000,0x00000000d7880000)
  to   space 2560K, 0% used [0x00000000d7380000,0x00000000d7380000,0x00000000d7600000)
 ParOldGen       total 133632K, used 87323K [0x0000000081400000, 0x0000000089680000, 0x00000000d5c00000)
  object space 133632K, 65% used [0x0000000081400000,0x0000000086946c58,0x0000000089680000)
 Metaspace       used 80368K, capacity 82332K, committed 82584K, reserved 1122304K
  class space    used 9268K, capacity 9624K, committed 9640K, reserved 1048576K
}
Event: 25950.472 GC heap before
{Heap before GC invocations=3888 (full 5):
 PSYoungGen      total 26624K, used 25600K [0x00000000d5c00000, 0x00000000d7880000, 0x0000000100000000)
  eden space 24064K, 100% used [0x00000000d5c00000,0x00000000d7380000,0x00000000d7380000)
  from space 2560K, 60% used [0x00000000d7600000,0x00000000d7780000,0x00000000d7880000)
  to   space 2560K, 0% used [0x00000000d7380000,0x00000000d7380000,0x00000000d7600000)
 ParOldGen       total 133632K, used 87323K [0x0000000081400000, 0x0000000089680000, 0x00000000d5c00000)
  object space 133632K, 65% used [0x0000000081400000,0x0000000086946c58,0x0000000089680000)
 Metaspace       used 80368K, capacity 82332K, committed 82584K, reserved 1122304K
  class space    used 9268K, capacity 9624K, committed 9640K, reserved 1048576K
Event: 25950.475 GC heap after
Heap after GC invocations=3888 (full 5):
 PSYoungGen      total 26624K, used 960K [0x00000000d5c00000, 0x00000000d7880000, 0x0000000100000000)
  eden space 24064K, 0% used [0x00000000d5c00000,0x00000000d5c00000,0x00000000d7380000)
  from space 2560K, 37% used [0x00000000d7380000,0x00000000d7470000,0x00000000d7600000)
  to   space 2560K, 0% used [0x00000000d7600000,0x00000000d7600000,0x00000000d7880000)
 ParOldGen       total 133632K, used 87323K [0x0000000081400000, 0x0000000089680000, 0x00000000d5c00000)
  object space 133632K, 65% used [0x0000000081400000,0x0000000086946c58,0x0000000089680000)
 Metaspace       used 80368K, capacity 82332K, committed 82584K, reserved 1122304K
  class space    used 9268K, capacity 9624K, committed 9640K, reserved 1048576K
}
Event: 25955.581 GC heap before
{Heap before GC invocations=3889 (full 5):
 PSYoungGen      total 26624K, used 25024K [0x00000000d5c00000, 0x00000000d7880000, 0x0000000100000000)
  eden space 24064K, 100% used [0x00000000d5c00000,0x00000000d7380000,0x00000000d7380000)
  from space 2560K, 37% used [0x00000000d7380000,0x00000000d7470000,0x00000000d7600000)
  to   space 2560K, 0% used [0x00000000d7600000,0x00000000d7600000,0x00000000d7880000)
 ParOldGen       total 133632K, used 87323K [0x0000000081400000, 0x0000000089680000, 0x00000000d5c00000)
  object space 133632K, 65% used [0x0000000081400000,0x0000000086946c58,0x0000000089680000)
 Metaspace       used 80368K, capacity 82332K, committed 82584K, reserved 1122304K
  class space    used 9268K, capacity 9624K, committed 9640K, reserved 1048576K
Event: 25955.585 GC heap after
Heap after GC invocations=3889 (full 5):
 PSYoungGen      total 26624K, used 1536K [0x00000000d5c00000, 0x00000000d7880000, 0x0000000100000000)
  eden space 24064K, 0% used [0x00000000d5c00000,0x00000000d5c00000,0x00000000d7380000)
  from space 2560K, 60% used [0x00000000d7600000,0x00000000d7780000,0x00000000d7880000)
  to   space 2560K, 0% used [0x00000000d7380000,0x00000000d7380000,0x00000000d7600000)
 ParOldGen       total 133632K, used 87323K [0x0000000081400000, 0x0000000089680000, 0x00000000d5c00000)
  object space 133632K, 65% used [0x0000000081400000,0x0000000086946c58,0x0000000089680000)
 Metaspace       used 80368K, capacity 82332K, committed 82584K, reserved 1122304K
  class space    used 9268K, capacity 9624K, committed 9640K, reserved 1048576K
}

