# JRE version: Java(TM) SE Runtime Environment (8.0_74-b02) (build 1.8.0_74-b02)
# Java VM: Java HotSpot(TM) 64-Bit Server VM (25.74-b02 mixed mode windows-amd64 compressed oops)
Heap:
 PSYoungGen      total 351232K, used 21361K [0x00000000d5c00000, 0x00000000edc00000, 0x0000000100000000)
  eden space 350720K, 5% used [0x00000000d5c00000,0x00000000d708c638,0x00000000eb280000)
  from space 512K, 62% used [0x00000000ed980000,0x00000000ed9d0000,0x00000000eda00000)
  to   space 1536K, 0% used [0x00000000eda80000,0x00000000eda80000,0x00000000edc00000)
 ParOldGen       total 265728K, used 123529K [0x0000000081400000, 0x0000000091780000, 0x00000000d5c00000)
  object space 265728K, 46% used [0x0000000081400000,0x0000000088ca2508,0x0000000091780000)
 Metaspace       used 97125K, capacity 99202K, committed 100888K, reserved 1138688K
  class space    used 10536K, capacity 10966K, committed 11304K, reserved 1048576K
GC Heap History (10 events):
Event: 17795.627 GC heap before
{Heap before GC invocations=128 (full 11):
 PSYoungGen      total 392704K, used 392256K [0x00000000d5c00000, 0x00000000edd80000, 0x0000000100000000)
  eden space 391680K, 100% used [0x00000000d5c00000,0x00000000eda80000,0x00000000eda80000)
  from space 1024K, 56% used [0x00000000edc80000,0x00000000edd10000,0x00000000edd80000)
  to   space 1536K, 0% used [0x00000000eda80000,0x00000000eda80000,0x00000000edc00000)
 ParOldGen       total 265728K, used 123529K [0x0000000081400000, 0x0000000091780000, 0x00000000d5c00000)
  object space 265728K, 46% used [0x0000000081400000,0x0000000088ca2508,0x0000000091780000)
 Metaspace       used 97125K, capacity 99202K, committed 100888K, reserved 1138688K
  class space    used 10536K, capacity 10966K, committed 11304K, reserved 1048576K
Event: 17795.632 GC heap after
Heap after GC invocations=128 (full 11):
 PSYoungGen      total 393216K, used 768K [0x00000000d5c00000, 0x00000000ede00000, 0x0000000100000000)
  eden space 391680K, 0% used [0x00000000d5c00000,0x00000000d5c00000,0x00000000eda80000)
  from space 1536K, 50% used [0x00000000eda80000,0x00000000edb40000,0x00000000edc00000)
  to   space 1536K, 0% used [0x00000000edc80000,0x00000000edc80000,0x00000000ede00000)
 ParOldGen       total 265728K, used 123529K [0x0000000081400000, 0x0000000091780000, 0x00000000d5c00000)
  object space 265728K, 46% used [0x0000000081400000,0x0000000088ca2508,0x0000000091780000)
 Metaspace       used 97125K, capacity 99202K, committed 100888K, reserved 1138688K
  class space    used 10536K, capacity 10966K, committed 11304K, reserved 1048576K
}
Event: 17982.512 GC heap before
{Heap before GC invocations=129 (full 11):
 PSYoungGen      total 393216K, used 392448K [0x00000000d5c00000, 0x00000000ede00000, 0x0000000100000000)
  eden space 391680K, 100% used [0x00000000d5c00000,0x00000000eda80000,0x00000000eda80000)
  from space 1536K, 50% used [0x00000000eda80000,0x00000000edb40000,0x00000000edc00000)
  to   space 1536K, 0% used [0x00000000edc80000,0x00000000edc80000,0x00000000ede00000)
 ParOldGen       total 265728K, used 123529K [0x0000000081400000, 0x0000000091780000, 0x00000000d5c00000)
  object space 265728K, 46% used [0x0000000081400000,0x0000000088ca2508,0x0000000091780000)
 Metaspace       used 97125K, capacity 99202K, committed 100888K, reserved 1138688K
  class space    used 10536K, capacity 10966K, committed 11304K, reserved 1048576K
Event: 17982.514 GC heap after
Heap after GC invocations=129 (full 11):
 PSYoungGen      total 393728K, used 704K [0x00000000d5c00000, 0x00000000ede00000, 0x0000000100000000)
  eden space 392192K, 0% used [0x00000000d5c00000,0x00000000d5c00000,0x00000000edb00000)
  from space 1536K, 45% used [0x00000000edc80000,0x00000000edd30000,0x00000000ede00000)
  to   space 1536K, 0% used [0x00000000edb00000,0x00000000edb00000,0x00000000edc80000)
 ParOldGen       total 265728K, used 123529K [0x0000000081400000, 0x0000000091780000, 0x00000000d5c00000)
  object space 265728K, 46% used [0x0000000081400000,0x0000000088ca2508,0x0000000091780000)
 Metaspace       used 97125K, capacity 99202K, committed 100888K, reserved 1138688K
  class space    used 10536K, capacity 10966K, committed 11304K, reserved 1048576K
}
Event: 18170.523 GC heap before
{Heap before GC invocations=130 (full 11):
 PSYoungGen      total 393728K, used 392896K [0x00000000d5c00000, 0x00000000ede00000, 0x0000000100000000)
  eden space 392192K, 100% used [0x00000000d5c00000,0x00000000edb00000,0x00000000edb00000)
  from space 1536K, 45% used [0x00000000edc80000,0x00000000edd30000,0x00000000ede00000)
  to   space 1536K, 0% used [0x00000000edb00000,0x00000000edb00000,0x00000000edc80000)
 ParOldGen       total 265728K, used 123529K [0x0000000081400000, 0x0000000091780000, 0x00000000d5c00000)
  object space 265728K, 46% used [0x0000000081400000,0x0000000088ca2508,0x0000000091780000)
 Metaspace       used 97125K, capacity 99202K, committed 100888K, reserved 1138688K
  class space    used 10536K, capacity 10966K, committed 11304K, reserved 1048576K
Event: 18170.525 GC heap after
Heap after GC invocations=130 (full 11):
 PSYoungGen      total 378368K, used 160K [0x00000000d5c00000, 0x00000000edd00000, 0x0000000100000000)
  eden space 377856K, 0% used [0x00000000d5c00000,0x00000000d5c00000,0x00000000ecd00000)
  from space 512K, 31% used [0x00000000edb00000,0x00000000edb28000,0x00000000edb80000)
  to   space 1536K, 0% used [0x00000000edb80000,0x00000000edb80000,0x00000000edd00000)
 ParOldGen       total 265728K, used 123529K [0x0000000081400000, 0x0000000091780000, 0x00000000d5c00000)
  object space 265728K, 46% used [0x0000000081400000,0x0000000088ca2508,0x0000000091780000)
 Metaspace       used 97125K, capacity 99202K, committed 100888K, reserved 1138688K
  class space    used 10536K, capacity 10966K, committed 11304K, reserved 1048576K
}
Event: 18351.045 GC heap before
{Heap before GC invocations=131 (full 11):
 PSYoungGen      total 378368K, used 378016K [0x00000000d5c00000, 0x00000000edd00000, 0x0000000100000000)
  eden space 377856K, 100% used [0x00000000d5c00000,0x00000000ecd00000,0x00000000ecd00000)
  from space 512K, 31% used [0x00000000edb00000,0x00000000edb28000,0x00000000edb80000)
  to   space 1536K, 0% used [0x00000000edb80000,0x00000000edb80000,0x00000000edd00000)
 ParOldGen       total 265728K, used 123529K [0x0000000081400000, 0x0000000091780000, 0x00000000d5c00000)
  object space 265728K, 46% used [0x0000000081400000,0x0000000088ca2508,0x0000000091780000)
 Metaspace       used 97125K, capacity 99202K, committed 100888K, reserved 1138688K
  class space    used 10536K, capacity 10966K, committed 11304K, reserved 1048576K
Event: 18351.050 GC heap after
Heap after GC invocations=131 (full 11):
 PSYoungGen      total 365056K, used 768K [0x00000000d5c00000, 0x00000000edc80000, 0x0000000100000000)
  eden space 364032K, 0% used [0x00000000d5c00000,0x00000000d5c00000,0x00000000ebf80000)
  from space 1024K, 75% used [0x00000000edb80000,0x00000000edc40000,0x00000000edc80000)
  to   space 1536K, 0% used [0x00000000ed980000,0x00000000ed980000,0x00000000edb00000)
 ParOldGen       total 265728K, used 123529K [0x0000000081400000, 0x0000000091780000, 0x00000000d5c00000)
  object space 265728K, 46% used [0x0000000081400000,0x0000000088ca2508,0x0000000091780000)
 Metaspace       used 97125K, capacity 99202K, committed 100888K, reserved 1138688K
  class space    used 10536K, capacity 10966K, committed 11304K, reserved 1048576K
}
Event: 18524.709 GC heap before
{Heap before GC invocations=132 (full 11):
 PSYoungGen      total 365056K, used 364800K [0x00000000d5c00000, 0x00000000edc80000, 0x0000000100000000)
  eden space 364032K, 100% used [0x00000000d5c00000,0x00000000ebf80000,0x00000000ebf80000)
  from space 1024K, 75% used [0x00000000edb80000,0x00000000edc40000,0x00000000edc80000)
  to   space 1536K, 0% used [0x00000000ed980000,0x00000000ed980000,0x00000000edb00000)
 ParOldGen       total 265728K, used 123529K [0x0000000081400000, 0x0000000091780000, 0x00000000d5c00000)
  object space 265728K, 46% used [0x0000000081400000,0x0000000088ca2508,0x0000000091780000)
 Metaspace       used 97125K, capacity 99202K, committed 100888K, reserved 1138688K
  class space    used 10536K, capacity 10966K, committed 11304K, reserved 1048576K
Event: 18524.711 GC heap after
Heap after GC invocations=132 (full 11):
 PSYoungGen      total 351232K, used 320K [0x00000000d5c00000, 0x00000000edc00000, 0x0000000100000000)
  eden space 350720K, 0% used [0x00000000d5c00000,0x00000000d5c00000,0x00000000eb280000)
  from space 512K, 62% used [0x00000000ed980000,0x00000000ed9d0000,0x00000000eda00000)
  to   space 1536K, 0% used [0x00000000eda80000,0x00000000eda80000,0x00000000edc00000)
 ParOldGen       total 265728K, used 123529K [0x0000000081400000, 0x0000000091780000, 0x00000000d5c00000)
  object space 265728K, 46% used [0x0000000081400000,0x0000000088ca2508,0x0000000091780000)
 Metaspace       used 97125K, capacity 99202K, committed 100888K, reserved 1138688K
  class space    used 10536K, capacity 10966K, committed 11304K, reserved 1048576K
}

