# JRE version: Java(TM) SE Runtime Environment (8.0_74-b02) (build 1.8.0_74-b02)
# Java VM: Java HotSpot(TM) 64-Bit Server VM (25.74-b02 mixed mode windows-amd64 compressed oops)
Heap:
 PSYoungGen      total 658432K, used 263248K [0x00000000d5c00000, 0x00000000ffe80000, 0x0000000100000000)
  eden space 628224K, 41% used [0x00000000d5c00000,0x00000000e5c7c198,0x00000000fc180000)
  from space 30208K, 2% used [0x00000000fe100000,0x00000000fe198000,0x00000000ffe80000)
  to   space 31232K, 0% used [0x00000000fc180000,0x00000000fc180000,0x00000000fe000000)
 ParOldGen       total 138240K, used 68015K [0x0000000081400000, 0x0000000089b00000, 0x00000000d5c00000)
  object space 138240K, 49% used [0x0000000081400000,0x000000008566bf78,0x0000000089b00000)
 Metaspace       used 70589K, capacity 71970K, committed 72088K, reserved 1112064K
  class space    used 8547K, capacity 8844K, committed 8872K, reserved 1048576K
GC Heap History (10 events):
Event: 129.952 GC heap before
{Heap before GC invocations=19 (full 4):
 PSYoungGen      total 585728K, used 287016K [0x00000000d5c00000, 0x0000000100000000, 0x0000000100000000)
  eden space 559104K, 47% used [0x00000000d5c00000,0x00000000e5dbdfd0,0x00000000f7e00000)
  from space 26624K, 86% used [0x00000000f9b00000,0x00000000fb18c1a8,0x00000000fb500000)
  to   space 29696K, 0% used [0x00000000f7e00000,0x00000000f7e00000,0x00000000f9b00000)
 ParOldGen       total 138240K, used 42327K [0x0000000081400000, 0x0000000089b00000, 0x00000000d5c00000)
  object space 138240K, 30% used [0x0000000081400000,0x0000000083d55db0,0x0000000089b00000)
 Metaspace       used 68479K, capacity 69668K, committed 69912K, reserved 1110016K
  class space    used 8415K, capacity 8681K, committed 8744K, reserved 1048576K
Event: 129.987 GC heap after
Heap after GC invocations=19 (full 4):
 PSYoungGen      total 588800K, used 2544K [0x00000000d5c00000, 0x0000000100000000, 0x0000000100000000)
  eden space 559104K, 0% used [0x00000000d5c00000,0x00000000d5c00000,0x00000000f7e00000)
  from space 29696K, 8% used [0x00000000f7e00000,0x00000000f807c030,0x00000000f9b00000)
  to   space 29696K, 0% used [0x00000000fe300000,0x00000000fe300000,0x0000000100000000)
 ParOldGen       total 138240K, used 51858K [0x0000000081400000, 0x0000000089b00000, 0x00000000d5c00000)
  object space 138240K, 37% used [0x0000000081400000,0x00000000846a4be0,0x0000000089b00000)
 Metaspace       used 68479K, capacity 69668K, committed 69912K, reserved 1110016K
  class space    used 8415K, capacity 8681K, committed 8744K, reserved 1048576K
}
Event: 129.987 GC heap before
{Heap before GC invocations=20 (full 5):
 PSYoungGen      total 588800K, used 2544K [0x00000000d5c00000, 0x0000000100000000, 0x0000000100000000)
  eden space 559104K, 0% used [0x00000000d5c00000,0x00000000d5c00000,0x00000000f7e00000)
  from space 29696K, 8% used [0x00000000f7e00000,0x00000000f807c030,0x00000000f9b00000)
  to   space 29696K, 0% used [0x00000000fe300000,0x00000000fe300000,0x0000000100000000)
 ParOldGen       total 138240K, used 51858K [0x0000000081400000, 0x0000000089b00000, 0x00000000d5c00000)
  object space 138240K, 37% used [0x0000000081400000,0x00000000846a4be0,0x0000000089b00000)
 Metaspace       used 68479K, capacity 69668K, committed 69912K, reserved 1110016K
  class space    used 8415K, capacity 8681K, committed 8744K, reserved 1048576K
Event: 130.661 GC heap after
Heap after GC invocations=20 (full 5):
 PSYoungGen      total 588800K, used 0K [0x00000000d5c00000, 0x0000000100000000, 0x0000000100000000)
  eden space 559104K, 0% used [0x00000000d5c00000,0x00000000d5c00000,0x00000000f7e00000)
  from space 29696K, 0% used [0x00000000f7e00000,0x00000000f7e00000,0x00000000f9b00000)
  to   space 29696K, 0% used [0x00000000fe300000,0x00000000fe300000,0x0000000100000000)
 ParOldGen       total 138240K, used 52632K [0x0000000081400000, 0x0000000089b00000, 0x00000000d5c00000)
  object space 138240K, 38% used [0x0000000081400000,0x0000000084766168,0x0000000089b00000)
 Metaspace       used 68434K, capacity 69596K, committed 69912K, reserved 1110016K
  class space    used 8409K, capacity 8669K, committed 8744K, reserved 1048576K
}
Event: 135.951 GC heap before
{Heap before GC invocations=21 (full 5):
 PSYoungGen      total 588800K, used 559104K [0x00000000d5c00000, 0x0000000100000000, 0x0000000100000000)
  eden space 559104K, 100% used [0x00000000d5c00000,0x00000000f7e00000,0x00000000f7e00000)
  from space 29696K, 0% used [0x00000000f7e00000,0x00000000f7e00000,0x00000000f9b00000)
  to   space 29696K, 0% used [0x00000000fe300000,0x00000000fe300000,0x0000000100000000)
 ParOldGen       total 138240K, used 52632K [0x0000000081400000, 0x0000000089b00000, 0x00000000d5c00000)
  object space 138240K, 38% used [0x0000000081400000,0x0000000084766168,0x0000000089b00000)
 Metaspace       used 70133K, capacity 71364K, committed 71576K, reserved 1112064K
  class space    used 8515K, capacity 8791K, committed 8872K, reserved 1048576K
Event: 135.980 GC heap after
Heap after GC invocations=21 (full 5):
 PSYoungGen      total 657408K, used 23527K [0x00000000d5c00000, 0x0000000100000000, 0x0000000100000000)
  eden space 627712K, 0% used [0x00000000d5c00000,0x00000000d5c00000,0x00000000fc100000)
  from space 29696K, 79% used [0x00000000fe300000,0x00000000ff9f9e38,0x0000000100000000)
  to   space 32256K, 0% used [0x00000000fc100000,0x00000000fc100000,0x00000000fe080000)
 ParOldGen       total 138240K, used 52640K [0x0000000081400000, 0x0000000089b00000, 0x00000000d5c00000)
  object space 138240K, 38% used [0x0000000081400000,0x0000000084768168,0x0000000089b00000)
 Metaspace       used 70133K, capacity 71364K, committed 71576K, reserved 1112064K
  class space    used 8515K, capacity 8791K, committed 8872K, reserved 1048576K
}
Event: 340.145 GC heap before
{Heap before GC invocations=22 (full 5):
 PSYoungGen      total 657408K, used 651239K [0x00000000d5c00000, 0x0000000100000000, 0x0000000100000000)
  eden space 627712K, 100% used [0x00000000d5c00000,0x00000000fc100000,0x00000000fc100000)
  from space 29696K, 79% used [0x00000000fe300000,0x00000000ff9f9e38,0x0000000100000000)
  to   space 32256K, 0% used [0x00000000fc100000,0x00000000fc100000,0x00000000fe080000)
 ParOldGen       total 138240K, used 52640K [0x0000000081400000, 0x0000000089b00000, 0x00000000d5c00000)
  object space 138240K, 38% used [0x0000000081400000,0x0000000084768168,0x0000000089b00000)
 Metaspace       used 70586K, capacity 71970K, committed 72088K, reserved 1112064K
  class space    used 8547K, capacity 8844K, committed 8872K, reserved 1048576K
Event: 340.175 GC heap after
Heap after GC invocations=22 (full 5):
 PSYoungGen      total 659968K, used 4672K [0x00000000d5c00000, 0x0000000100000000, 0x0000000100000000)
  eden space 627712K, 0% used [0x00000000d5c00000,0x00000000d5c00000,0x00000000fc100000)
  from space 32256K, 14% used [0x00000000fc100000,0x00000000fc590030,0x00000000fe080000)
  to   space 31744K, 0% used [0x00000000fe100000,0x00000000fe100000,0x0000000100000000)
 ParOldGen       total 138240K, used 64107K [0x0000000081400000, 0x0000000089b00000, 0x00000000d5c00000)
  object space 138240K, 46% used [0x0000000081400000,0x000000008529ae90,0x0000000089b00000)
 Metaspace       used 70586K, capacity 71970K, committed 72088K, reserved 1112064K
  class space    used 8547K, capacity 8844K, committed 8872K, reserved 1048576K
}
Event: 624.475 GC heap before
{Heap before GC invocations=23 (full 5):
 PSYoungGen      total 659968K, used 632384K [0x00000000d5c00000, 0x0000000100000000, 0x0000000100000000)
  eden space 627712K, 100% used [0x00000000d5c00000,0x00000000fc100000,0x00000000fc100000)
  from space 32256K, 14% used [0x00000000fc100000,0x00000000fc590030,0x00000000fe080000)
  to   space 31744K, 0% used [0x00000000fe100000,0x00000000fe100000,0x0000000100000000)
 ParOldGen       total 138240K, used 64107K [0x0000000081400000, 0x0000000089b00000, 0x00000000d5c00000)
  object space 138240K, 46% used [0x0000000081400000,0x000000008529ae90,0x0000000089b00000)
 Metaspace       used 70589K, capacity 71970K, committed 72088K, reserved 1112064K
  class space    used 8547K, capacity 8844K, committed 8872K, reserved 1048576K
Event: 624.484 GC heap after
Heap after GC invocations=23 (full 5):
 PSYoungGen      total 658432K, used 608K [0x00000000d5c00000, 0x00000000ffe80000, 0x0000000100000000)
  eden space 628224K, 0% used [0x00000000d5c00000,0x00000000d5c00000,0x00000000fc180000)
  from space 30208K, 2% used [0x00000000fe100000,0x00000000fe198000,0x00000000ffe80000)
  to   space 31232K, 0% used [0x00000000fc180000,0x00000000fc180000,0x00000000fe000000)
 ParOldGen       total 138240K, used 68015K [0x0000000081400000, 0x0000000089b00000, 0x00000000d5c00000)
  object space 138240K, 49% used [0x0000000081400000,0x000000008566bf78,0x0000000089b00000)
 Metaspace       used 70589K, capacity 71970K, committed 72088K, reserved 1112064K
  class space    used 8547K, capacity 8844K, committed 8872K, reserved 1048576K
}

