# JRE version: Java(TM) SE Runtime Environment (8.0_74-b02) (build 1.8.0_74-b02)
# Java VM: Java HotSpot(TM) 64-Bit Server VM (25.74-b02 mixed mode windows-amd64 compressed oops)
Heap:
 PSYoungGen      total 407040K, used 33078K [0x00000000d5c00000, 0x00000000f8200000, 0x0000000100000000)
  eden space 394752K, 5% used [0x00000000d5c00000,0x00000000d708bf08,0x00000000edd80000)
  from space 12288K, 97% used [0x00000000f7600000,0x00000000f81c1988,0x00000000f8200000)
  to   space 21504K, 0% used [0x00000000f5800000,0x00000000f5800000,0x00000000f6d00000)
 ParOldGen       total 149504K, used 44938K [0x0000000081400000, 0x000000008a600000, 0x00000000d5c00000)
  object space 149504K, 30% used [0x0000000081400000,0x0000000083fe28b8,0x000000008a600000)
 Metaspace       used 67533K, capacity 68446K, committed 68864K, reserved 1110016K
  class space    used 8424K, capacity 8626K, committed 8704K, reserved 1048576K
GC Heap History (10 events):
Event: 564.974 GC heap before
{Heap before GC invocations=17 (full 3):
 PSYoungGen      total 510976K, used 492656K [0x00000000d5c00000, 0x00000000fb980000, 0x0000000100000000)
  eden space 485888K, 100% used [0x00000000d5c00000,0x00000000f3680000,0x00000000f3680000)
  from space 25088K, 26% used [0x00000000f3680000,0x00000000f3d1c020,0x00000000f4f00000)
  to   space 24576K, 0% used [0x00000000fa180000,0x00000000fa180000,0x00000000fb980000)
 ParOldGen       total 149504K, used 44906K [0x0000000081400000, 0x000000008a600000, 0x00000000d5c00000)
  object space 149504K, 30% used [0x0000000081400000,0x0000000083fda8b8,0x000000008a600000)
 Metaspace       used 62090K, capacity 62912K, committed 63360K, reserved 1103872K
  class space    used 7790K, capacity 7997K, committed 8064K, reserved 1048576K
Event: 564.992 GC heap after
Heap after GC invocations=17 (full 3):
 PSYoungGen      total 473600K, used 7424K [0x00000000d5c00000, 0x00000000fa900000, 0x0000000100000000)
  eden space 465920K, 0% used [0x00000000d5c00000,0x00000000d5c00000,0x00000000f2300000)
  from space 7680K, 96% used [0x00000000fa180000,0x00000000fa8c0030,0x00000000fa900000)
  to   space 24064K, 0% used [0x00000000f7a00000,0x00000000f7a00000,0x00000000f9180000)
 ParOldGen       total 149504K, used 44914K [0x0000000081400000, 0x000000008a600000, 0x00000000d5c00000)
  object space 149504K, 30% used [0x0000000081400000,0x0000000083fdc8b8,0x000000008a600000)
 Metaspace       used 62090K, capacity 62912K, committed 63360K, reserved 1103872K
  class space    used 7790K, capacity 7997K, committed 8064K, reserved 1048576K
}
Event: 729.810 GC heap before
{Heap before GC invocations=18 (full 3):
 PSYoungGen      total 473600K, used 473344K [0x00000000d5c00000, 0x00000000fa900000, 0x0000000100000000)
  eden space 465920K, 100% used [0x00000000d5c00000,0x00000000f2300000,0x00000000f2300000)
  from space 7680K, 96% used [0x00000000fa180000,0x00000000fa8c0030,0x00000000fa900000)
  to   space 24064K, 0% used [0x00000000f7a00000,0x00000000f7a00000,0x00000000f9180000)
 ParOldGen       total 149504K, used 44914K [0x0000000081400000, 0x000000008a600000, 0x00000000d5c00000)
  object space 149504K, 30% used [0x0000000081400000,0x0000000083fdc8b8,0x000000008a600000)
 Metaspace       used 62092K, capacity 62912K, committed 63360K, reserved 1103872K
  class space    used 7790K, capacity 7997K, committed 8064K, reserved 1048576K
Event: 729.823 GC heap after
Heap after GC invocations=18 (full 3):
 PSYoungGen      total 454144K, used 6864K [0x00000000d5c00000, 0x00000000fa200000, 0x0000000100000000)
  eden space 446976K, 0% used [0x00000000d5c00000,0x00000000d5c00000,0x00000000f1080000)
  from space 7168K, 95% used [0x00000000f7a00000,0x00000000f80b4020,0x00000000f8100000)
  to   space 23552K, 0% used [0x00000000f8b00000,0x00000000f8b00000,0x00000000fa200000)
 ParOldGen       total 149504K, used 44914K [0x0000000081400000, 0x000000008a600000, 0x00000000d5c00000)
  object space 149504K, 30% used [0x0000000081400000,0x0000000083fdc8b8,0x000000008a600000)
 Metaspace       used 62092K, capacity 62912K, committed 63360K, reserved 1103872K
  class space    used 7790K, capacity 7997K, committed 8064K, reserved 1048576K
}
Event: 862.241 GC heap before
{Heap before GC invocations=19 (full 3):
 PSYoungGen      total 454144K, used 453840K [0x00000000d5c00000, 0x00000000fa200000, 0x0000000100000000)
  eden space 446976K, 100% used [0x00000000d5c00000,0x00000000f1080000,0x00000000f1080000)
  from space 7168K, 95% used [0x00000000f7a00000,0x00000000f80b4020,0x00000000f8100000)
  to   space 23552K, 0% used [0x00000000f8b00000,0x00000000f8b00000,0x00000000fa200000)
 ParOldGen       total 149504K, used 44914K [0x0000000081400000, 0x000000008a600000, 0x00000000d5c00000)
  object space 149504K, 30% used [0x0000000081400000,0x0000000083fdc8b8,0x000000008a600000)
 Metaspace       used 65623K, capacity 66476K, committed 67072K, reserved 1107968K
  class space    used 8231K, capacity 8415K, committed 8448K, reserved 1048576K
Event: 862.266 GC heap after
Heap after GC invocations=19 (full 3):
 PSYoungGen      total 441344K, used 12747K [0x00000000d5c00000, 0x00000000f9780000, 0x0000000100000000)
  eden space 428544K, 0% used [0x00000000d5c00000,0x00000000d5c00000,0x00000000efe80000)
  from space 12800K, 99% used [0x00000000f8b00000,0x00000000f9772d90,0x00000000f9780000)
  to   space 23040K, 0% used [0x00000000f6a80000,0x00000000f6a80000,0x00000000f8100000)
 ParOldGen       total 149504K, used 44922K [0x0000000081400000, 0x000000008a600000, 0x00000000d5c00000)
  object space 149504K, 30% used [0x0000000081400000,0x0000000083fde8b8,0x000000008a600000)
 Metaspace       used 65623K, capacity 66476K, committed 67072K, reserved 1107968K
  class space    used 8231K, capacity 8415K, committed 8448K, reserved 1048576K
}
Event: 1011.658 GC heap before
{Heap before GC invocations=20 (full 3):
 PSYoungGen      total 441344K, used 441291K [0x00000000d5c00000, 0x00000000f9780000, 0x0000000100000000)
  eden space 428544K, 100% used [0x00000000d5c00000,0x00000000efe80000,0x00000000efe80000)
  from space 12800K, 99% used [0x00000000f8b00000,0x00000000f9772d90,0x00000000f9780000)
  to   space 23040K, 0% used [0x00000000f6a80000,0x00000000f6a80000,0x00000000f8100000)
 ParOldGen       total 149504K, used 44922K [0x0000000081400000, 0x000000008a600000, 0x00000000d5c00000)
  object space 149504K, 30% used [0x0000000081400000,0x0000000083fde8b8,0x000000008a600000)
 Metaspace       used 65625K, capacity 66476K, committed 67072K, reserved 1107968K
  class space    used 8231K, capacity 8415K, committed 8448K, reserved 1048576K
Event: 1011.677 GC heap after
Heap after GC invocations=20 (full 3):
 PSYoungGen      total 421376K, used 9816K [0x00000000d5c00000, 0x00000000f8b80000, 0x0000000100000000)
  eden space 411136K, 0% used [0x00000000d5c00000,0x00000000d5c00000,0x00000000eed80000)
  from space 10240K, 95% used [0x00000000f6a80000,0x00000000f7416100,0x00000000f7480000)
  to   space 22016K, 0% used [0x00000000f7600000,0x00000000f7600000,0x00000000f8b80000)
 ParOldGen       total 149504K, used 44930K [0x0000000081400000, 0x000000008a600000, 0x00000000d5c00000)
  object space 149504K, 30% used [0x0000000081400000,0x0000000083fe08b8,0x000000008a600000)
 Metaspace       used 65625K, capacity 66476K, committed 67072K, reserved 1107968K
  class space    used 8231K, capacity 8415K, committed 8448K, reserved 1048576K
}
Event: 1132.753 GC heap before
{Heap before GC invocations=21 (full 3):
 PSYoungGen      total 421376K, used 420952K [0x00000000d5c00000, 0x00000000f8b80000, 0x0000000100000000)
  eden space 411136K, 100% used [0x00000000d5c00000,0x00000000eed80000,0x00000000eed80000)
  from space 10240K, 95% used [0x00000000f6a80000,0x00000000f7416100,0x00000000f7480000)
  to   space 22016K, 0% used [0x00000000f7600000,0x00000000f7600000,0x00000000f8b80000)
 ParOldGen       total 149504K, used 44930K [0x0000000081400000, 0x000000008a600000, 0x00000000d5c00000)
  object space 149504K, 30% used [0x0000000081400000,0x0000000083fe08b8,0x000000008a600000)
 Metaspace       used 67533K, capacity 68446K, committed 68864K, reserved 1110016K
  class space    used 8424K, capacity 8626K, committed 8704K, reserved 1048576K
Event: 1132.769 GC heap after
Heap after GC invocations=21 (full 3):
 PSYoungGen      total 407040K, used 12038K [0x00000000d5c00000, 0x00000000f8200000, 0x0000000100000000)
  eden space 394752K, 0% used [0x00000000d5c00000,0x00000000d5c00000,0x00000000edd80000)
  from space 12288K, 97% used [0x00000000f7600000,0x00000000f81c1988,0x00000000f8200000)
  to   space 21504K, 0% used [0x00000000f5800000,0x00000000f5800000,0x00000000f6d00000)
 ParOldGen       total 149504K, used 44938K [0x0000000081400000, 0x000000008a600000, 0x00000000d5c00000)
  object space 149504K, 30% used [0x0000000081400000,0x0000000083fe28b8,0x000000008a600000)
 Metaspace       used 67533K, capacity 68446K, committed 68864K, reserved 1110016K
  class space    used 8424K, capacity 8626K, committed 8704K, reserved 1048576K
}

