# JRE version: Java(TM) SE Runtime Environment (8.0_74-b02) (build 1.8.0_74-b02)
# Java VM: Java HotSpot(TM) 64-Bit Server VM (25.74-b02 mixed mode windows-amd64 compressed oops)
Heap:
 PSYoungGen      total 380416K, used 18598K [0x00000000d5c00000, 0x00000000f0b00000, 0x0000000100000000)
  eden space 368640K, 1% used [0x00000000d5c00000,0x00000000d631da58,0x00000000ec400000)
  from space 11776K, 96% used [0x00000000eff80000,0x00000000f0a8c120,0x00000000f0b00000)
  to   space 17920K, 0% used [0x00000000ee800000,0x00000000ee800000,0x00000000ef980000)
 ParOldGen       total 155136K, used 48759K [0x0000000081400000, 0x000000008ab80000, 0x00000000d5c00000)
  object space 155136K, 31% used [0x0000000081400000,0x000000008439dd00,0x000000008ab80000)
 Metaspace       used 68127K, capacity 69022K, committed 69400K, reserved 1110016K
  class space    used 8456K, capacity 8674K, committed 8744K, reserved 1048576K
GC Heap History (10 events):
Event: 560.447 GC heap before
{Heap before GC invocations=21 (full 3):
 PSYoungGen      total 432640K, used 421448K [0x00000000d5c00000, 0x00000000f3500000, 0x0000000100000000)
  eden space 410112K, 100% used [0x00000000d5c00000,0x00000000eec80000,0x00000000eec80000)
  from space 22528K, 50% used [0x00000000eec80000,0x00000000ef792100,0x00000000f0280000)
  to   space 21504K, 0% used [0x00000000f2000000,0x00000000f2000000,0x00000000f3500000)
 ParOldGen       total 155136K, used 48735K [0x0000000081400000, 0x000000008ab80000, 0x00000000d5c00000)
  object space 155136K, 31% used [0x0000000081400000,0x0000000084397d00,0x000000008ab80000)
 Metaspace       used 68126K, capacity 69022K, committed 69400K, reserved 1110016K
  class space    used 8456K, capacity 8674K, committed 8744K, reserved 1048576K
Event: 560.463 GC heap after
Heap after GC invocations=21 (full 3):
 PSYoungGen      total 447488K, used 11216K [0x00000000d5c00000, 0x00000000f2c80000, 0x0000000100000000)
  eden space 434688K, 0% used [0x00000000d5c00000,0x00000000d5c00000,0x00000000f0480000)
  from space 12800K, 87% used [0x00000000f2000000,0x00000000f2af4120,0x00000000f2c80000)
  to   space 20480K, 0% used [0x00000000f0480000,0x00000000f0480000,0x00000000f1880000)
 ParOldGen       total 155136K, used 48743K [0x0000000081400000, 0x000000008ab80000, 0x00000000d5c00000)
  object space 155136K, 31% used [0x0000000081400000,0x0000000084399d00,0x000000008ab80000)
 Metaspace       used 68126K, capacity 69022K, committed 69400K, reserved 1110016K
  class space    used 8456K, capacity 8674K, committed 8744K, reserved 1048576K
}
Event: 715.273 GC heap before
{Heap before GC invocations=22 (full 3):
 PSYoungGen      total 447488K, used 445904K [0x00000000d5c00000, 0x00000000f2c80000, 0x0000000100000000)
  eden space 434688K, 100% used [0x00000000d5c00000,0x00000000f0480000,0x00000000f0480000)
  from space 12800K, 87% used [0x00000000f2000000,0x00000000f2af4120,0x00000000f2c80000)
  to   space 20480K, 0% used [0x00000000f0480000,0x00000000f0480000,0x00000000f1880000)
 ParOldGen       total 155136K, used 48743K [0x0000000081400000, 0x000000008ab80000, 0x00000000d5c00000)
  object space 155136K, 31% used [0x0000000081400000,0x0000000084399d00,0x000000008ab80000)
 Metaspace       used 68127K, capacity 69022K, committed 69400K, reserved 1110016K
  class space    used 8456K, capacity 8674K, committed 8744K, reserved 1048576K
Event: 715.295 GC heap after
Heap after GC invocations=22 (full 3):
 PSYoungGen      total 427520K, used 10744K [0x00000000d5c00000, 0x00000000f2080000, 0x0000000100000000)
  eden space 416768K, 0% used [0x00000000d5c00000,0x00000000d5c00000,0x00000000ef300000)
  from space 10752K, 99% used [0x00000000f0480000,0x00000000f0efe0d0,0x00000000f0f00000)
  to   space 17920K, 0% used [0x00000000f0f00000,0x00000000f0f00000,0x00000000f2080000)
 ParOldGen       total 155136K, used 48751K [0x0000000081400000, 0x000000008ab80000, 0x00000000d5c00000)
  object space 155136K, 31% used [0x0000000081400000,0x000000008439bd00,0x000000008ab80000)
 Metaspace       used 68127K, capacity 69022K, committed 69400K, reserved 1110016K
  class space    used 8456K, capacity 8674K, committed 8744K, reserved 1048576K
}
Event: 862.737 GC heap before
{Heap before GC invocations=23 (full 3):
 PSYoungGen      total 427520K, used 427512K [0x00000000d5c00000, 0x00000000f2080000, 0x0000000100000000)
  eden space 416768K, 100% used [0x00000000d5c00000,0x00000000ef300000,0x00000000ef300000)
  from space 10752K, 99% used [0x00000000f0480000,0x00000000f0efe0d0,0x00000000f0f00000)
  to   space 17920K, 0% used [0x00000000f0f00000,0x00000000f0f00000,0x00000000f2080000)
 ParOldGen       total 155136K, used 48751K [0x0000000081400000, 0x000000008ab80000, 0x00000000d5c00000)
  object space 155136K, 31% used [0x0000000081400000,0x000000008439bd00,0x000000008ab80000)
 Metaspace       used 68127K, capacity 69022K, committed 69400K, reserved 1110016K
  class space    used 8456K, capacity 8674K, committed 8744K, reserved 1048576K
Event: 862.756 GC heap after
Heap after GC invocations=23 (full 3):
 PSYoungGen      total 411136K, used 11232K [0x00000000d5c00000, 0x00000000f1a00000, 0x0000000100000000)
  eden space 399872K, 0% used [0x00000000d5c00000,0x00000000d5c00000,0x00000000ee280000)
  from space 11264K, 99% used [0x00000000f0f00000,0x00000000f19f8110,0x00000000f1a00000)
  to   space 18944K, 0% used [0x00000000ef500000,0x00000000ef500000,0x00000000f0780000)
 ParOldGen       total 155136K, used 48751K [0x0000000081400000, 0x000000008ab80000, 0x00000000d5c00000)
  object space 155136K, 31% used [0x0000000081400000,0x000000008439bd00,0x000000008ab80000)
 Metaspace       used 68127K, capacity 69022K, committed 69400K, reserved 1110016K
  class space    used 8456K, capacity 8674K, committed 8744K, reserved 1048576K
}
Event: 1004.608 GC heap before
{Heap before GC invocations=24 (full 3):
 PSYoungGen      total 411136K, used 411104K [0x00000000d5c00000, 0x00000000f1a00000, 0x0000000100000000)
  eden space 399872K, 100% used [0x00000000d5c00000,0x00000000ee280000,0x00000000ee280000)
  from space 11264K, 99% used [0x00000000f0f00000,0x00000000f19f8110,0x00000000f1a00000)
  to   space 18944K, 0% used [0x00000000ef500000,0x00000000ef500000,0x00000000f0780000)
 ParOldGen       total 155136K, used 48751K [0x0000000081400000, 0x000000008ab80000, 0x00000000d5c00000)
  object space 155136K, 31% used [0x0000000081400000,0x000000008439bd00,0x000000008ab80000)
 Metaspace       used 68127K, capacity 69022K, committed 69400K, reserved 1110016K
  class space    used 8456K, capacity 8674K, committed 8744K, reserved 1048576K
Event: 1004.639 GC heap after
Heap after GC invocations=24 (full 3):
 PSYoungGen      total 394752K, used 10648K [0x00000000d5c00000, 0x00000000f0f80000, 0x0000000100000000)
  eden space 384000K, 0% used [0x00000000d5c00000,0x00000000d5c00000,0x00000000ed300000)
  from space 10752K, 99% used [0x00000000ef500000,0x00000000eff660f0,0x00000000eff80000)
  to   space 16384K, 0% used [0x00000000eff80000,0x00000000eff80000,0x00000000f0f80000)
 ParOldGen       total 155136K, used 48751K [0x0000000081400000, 0x000000008ab80000, 0x00000000d5c00000)
  object space 155136K, 31% used [0x0000000081400000,0x000000008439bd00,0x000000008ab80000)
 Metaspace       used 68127K, capacity 69022K, committed 69400K, reserved 1110016K
  class space    used 8456K, capacity 8674K, committed 8744K, reserved 1048576K
}
Event: 1140.349 GC heap before
{Heap before GC invocations=25 (full 3):
 PSYoungGen      total 394752K, used 394648K [0x00000000d5c00000, 0x00000000f0f80000, 0x0000000100000000)
  eden space 384000K, 100% used [0x00000000d5c00000,0x00000000ed300000,0x00000000ed300000)
  from space 10752K, 99% used [0x00000000ef500000,0x00000000eff660f0,0x00000000eff80000)
  to   space 16384K, 0% used [0x00000000eff80000,0x00000000eff80000,0x00000000f0f80000)
 ParOldGen       total 155136K, used 48751K [0x0000000081400000, 0x000000008ab80000, 0x00000000d5c00000)
  object space 155136K, 31% used [0x0000000081400000,0x000000008439bd00,0x000000008ab80000)
 Metaspace       used 68127K, capacity 69022K, committed 69400K, reserved 1110016K
  class space    used 8456K, capacity 8674K, committed 8744K, reserved 1048576K
Event: 1140.379 GC heap after
Heap after GC invocations=25 (full 3):
 PSYoungGen      total 380416K, used 11312K [0x00000000d5c00000, 0x00000000f0b00000, 0x0000000100000000)
  eden space 368640K, 0% used [0x00000000d5c00000,0x00000000d5c00000,0x00000000ec400000)
  from space 11776K, 96% used [0x00000000eff80000,0x00000000f0a8c120,0x00000000f0b00000)
  to   space 17920K, 0% used [0x00000000ee800000,0x00000000ee800000,0x00000000ef980000)
 ParOldGen       total 155136K, used 48759K [0x0000000081400000, 0x000000008ab80000, 0x00000000d5c00000)
  object space 155136K, 31% used [0x0000000081400000,0x000000008439dd00,0x000000008ab80000)
 Metaspace       used 68127K, capacity 69022K, committed 69400K, reserved 1110016K
  class space    used 8456K, capacity 8674K, committed 8744K, reserved 1048576K
}

